#
# There is insufficient memory for the Java Runtime Environment to continue.
# Native memory allocation (malloc) failed to allocate 864336 bytes for Chunk::new
# Possible reasons:
#   The system is out of physical RAM or swap space
#   In 32 bit mode, the process size limit was hit
# Possible solutions:
#   Reduce memory load on the system
#   Increase physical memory or swap space
#   Check if swap backing store is full
#   Use 64 bit Java on a 64 bit OS
#   Decrease Java heap size (-Xmx/-Xms)
#   Decrease number of Java threads
#   Decrease Java thread stack sizes (-Xss)
#   Set larger code cache with -XX:ReservedCodeCacheSize=
# This output file may be truncated or incomplete.
#
#  Out of Memory Error (allocation.cpp:390), pid=14884, tid=27400
#
# JRE version: Java(TM) SE Runtime Environment (8.0_60-b27) (build 1.8.0_60-b27)
# Java VM: Java HotSpot(TM) 64-Bit Server VM (25.60-b23 mixed mode windows-amd64 compressed oops)
# Failed to write core dump. Minidumps are not enabled by default on client versions of Windows
#

---------------  T H R E A D  ---------------

Current thread (0x0000000015129800):  JavaThread "C2 CompilerThread0" daemon [_thread_in_native, id=27400, stack(0x0000000016020000,0x0000000016120000)]

Stack: [0x0000000016020000,0x0000000016120000]
[error occurred during error reporting (printing stack bounds), id 0xc0000005]

Native frames: (J=compiled Java code, j=interpreted, Vv=VM code, C=native code)


Current CompileTask:
C2:  44582 4888       4       org.gradle.api.internal.file.pattern.PatternMatcherFactory::compile (121 bytes)


---------------  P R O C E S S  ---------------

Java Threads: ( => current thread )
  0x0000000017f0b800 JavaThread "File lock request listener" [_thread_in_native, id=5676, stack(0x000000001b790000,0x000000001b890000)]
  0x00000000173ec000 JavaThread "Stdin handler" [_thread_blocked, id=24080, stack(0x0000000018800000,0x0000000018900000)]
  0x00000000173e0800 JavaThread "Daemon worker" [_thread_in_native, id=5148, stack(0x0000000018700000,0x0000000018800000)]
  0x00000000173dc800 JavaThread "Cancel handler" [_thread_blocked, id=24392, stack(0x0000000018600000,0x0000000018700000)]
  0x00000000173ca800 JavaThread "Handler for socket connection from /127.0.0.1:58800 to /127.0.0.1:58801" [_thread_in_native, id=14196, stack(0x0000000018500000,0x0000000018600000)]
  0x00000000173c6800 JavaThread "Daemon" [_thread_blocked, id=12620, stack(0x0000000018400000,0x0000000018500000)]
  0x00000000171f7000 JavaThread "Incoming local TCP Connector on port 58800" [_thread_in_native, id=20288, stack(0x0000000018100000,0x0000000018200000)]
  0x0000000016267800 JavaThread "Service Thread" daemon [_thread_blocked, id=2432, stack(0x0000000016620000,0x0000000016720000)]
  0x000000001514f800 JavaThread "C1 CompilerThread1" daemon [_thread_blocked, id=26664, stack(0x0000000016120000,0x0000000016220000)]
=>0x0000000015129800 JavaThread "C2 CompilerThread0" daemon [_thread_in_native, id=27400, stack(0x0000000016020000,0x0000000016120000)]
  0x0000000015128000 JavaThread "Attach Listener" daemon [_thread_blocked, id=28348, stack(0x0000000015f20000,0x0000000016020000)]
  0x00000000150d9000 JavaThread "Signal Dispatcher" daemon [_thread_blocked, id=15284, stack(0x0000000015e20000,0x0000000015f20000)]
  0x0000000002c35000 JavaThread "Finalizer" daemon [_thread_blocked, id=13692, stack(0x0000000015d20000,0x0000000015e20000)]
  0x0000000002c2b800 JavaThread "Reference Handler" daemon [_thread_blocked, id=19152, stack(0x0000000015c20000,0x0000000015d20000)]
  0x0000000002b42800 JavaThread "main" [_thread_blocked, id=2396, stack(0x0000000002a40000,0x0000000002b40000)]

Other Threads:
  0x0000000015096000 VMThread [stack: 0x0000000015b20000,0x0000000015c20000] [id=20948]
  0x0000000016284000 WatcherThread [stack: 0x0000000016720000,0x0000000016820000] [id=4712]

VM state:not at safepoint (normal execution)

VM Mutex/Monitor currently owned by a thread: None

Heap:
 PSYoungGen      total 115200K, used 103588K [0x00000000eab00000, 0x00000000f3780000, 0x0000000100000000)
  eden space 102912K, 94% used [0x00000000eab00000,0x00000000f09b84e0,0x00000000f0f80000)
  from space 12288K, 53% used [0x00000000f2b80000,0x00000000f31f0d70,0x00000000f3780000)
  to   space 20480K, 0% used [0x00000000f0f80000,0x00000000f0f80000,0x00000000f2380000)
 ParOldGen       total 103936K, used 33767K [0x00000000c0000000, 0x00000000c6580000, 0x00000000eab00000)
  object space 103936K, 32% used [0x00000000c0000000,0x00000000c20f9fd0,0x00000000c6580000)
 Metaspace       used 38878K, capacity 40947K, committed 41128K, reserved 1083392K
  class space    used 5506K, capacity 6258K, committed 6312K, reserved 1048576K

Card table byte_map: [0x0000000012000000,0x0000000012210000] byte_map_base: 0x0000000011a00000

Marking Bits: (ParMarkBitMap*) 0x000000006784a5b0
 Begin Bits: [0x0000000012570000, 0x0000000013570000)
 End Bits:   [0x0000000013570000, 0x0000000014570000)

Polling page: 0x0000000000e90000

CodeCache: size=245760Kb used=17545Kb max_used=17545Kb free=228214Kb
 bounds [0x0000000002c40000, 0x0000000003d80000, 0x0000000011c40000]
 total_blobs=5054 nmethods=4390 adapters=575
 compilation: enabled

Compilation events (10 events):
Event: 44.564 Thread 0x000000001514f800 4936       3       com.google.common.cache.LocalCache$AccessQueue::peek (5 bytes)
Event: 44.565 Thread 0x000000001514f800 nmethod 4936 0x0000000003d74490 code [0x0000000003d74600, 0x0000000003d74968]
Event: 44.572 Thread 0x000000001514f800 4937       3       com.google.common.cache.LocalCache$NullEntry::setNextInAccessQueue (1 bytes)
Event: 44.573 Thread 0x000000001514f800 nmethod 4937 0x0000000003d74a50 code [0x0000000003d74ba0, 0x0000000003d74cf0]
Event: 44.573 Thread 0x000000001514f800 4938       3       com.google.common.cache.LocalCache$NullEntry::setPreviousInAccessQueue (1 bytes)
Event: 44.573 Thread 0x000000001514f800 nmethod 4938 0x0000000003d74d90 code [0x0000000003d74ee0, 0x0000000003d75030]
Event: 44.573 Thread 0x000000001514f800 4939       3       com.google.common.cache.LocalCache$1::notifyNewValue (1 bytes)
Event: 44.573 Thread 0x000000001514f800 nmethod 4939 0x0000000003d750d0 code [0x0000000003d75220, 0x0000000003d75370]
Event: 44.573 Thread 0x000000001514f800 4940   !   3       org.gradle.api.internal.file.FileOperations$file::call (34 bytes)
Event: 44.574 Thread 0x000000001514f800 nmethod 4940 0x0000000003d75410 code [0x0000000003d755e0, 0x0000000003d75d18]

GC Heap History (10 events):
Event: 35.554 GC heap before
{Heap before GC invocations=8 (full 1):
 PSYoungGen      total 57344K, used 57338K [0x00000000eab00000, 0x00000000f1800000, 0x0000000100000000)
  eden space 45568K, 100% used [0x00000000eab00000,0x00000000ed780000,0x00000000ed780000)
  from space 11776K, 99% used [0x00000000ee580000,0x00000000ef0fea60,0x00000000ef100000)
  to   space 14336K, 0% used [0x00000000ed780000,0x00000000ed780000,0x00000000ee580000)
 ParOldGen       total 60416K, used 11794K [0x00000000c0000000, 0x00000000c3b00000, 0x00000000eab00000)
  object space 60416K, 19% used [0x00000000c0000000,0x00000000c0b84848,0x00000000c3b00000)
 Metaspace       used 31464K, capacity 32648K, committed 32768K, reserved 1077248K
  class space    used 4316K, capacity 4786K, committed 4864K, reserved 1048576K
Event: 35.577 GC heap after
Heap after GC invocations=8 (full 1):
 PSYoungGen      total 59904K, used 14305K [0x00000000eab00000, 0x00000000f1800000, 0x0000000100000000)
  eden space 45568K, 0% used [0x00000000eab00000,0x00000000eab00000,0x00000000ed780000)
  from space 14336K, 99% used [0x00000000ed780000,0x00000000ee5787c0,0x00000000ee580000)
  to   space 17408K, 0% used [0x00000000f0700000,0x00000000f0700000,0x00000000f1800000)
 ParOldGen       total 60416K, used 14242K [0x00000000c0000000, 0x00000000c3b00000, 0x00000000eab00000)
  object space 60416K, 23% used [0x00000000c0000000,0x00000000c0de8a80,0x00000000c3b00000)
 Metaspace       used 31464K, capacity 32648K, committed 32768K, reserved 1077248K
  class space    used 4316K, capacity 4786K, committed 4864K, reserved 1048576K
}
Event: 36.960 GC heap before
{Heap before GC invocations=9 (full 1):
 PSYoungGen      total 59904K, used 59873K [0x00000000eab00000, 0x00000000f1800000, 0x0000000100000000)
  eden space 45568K, 100% used [0x00000000eab00000,0x00000000ed780000,0x00000000ed780000)
  from space 14336K, 99% used [0x00000000ed780000,0x00000000ee5787c0,0x00000000ee580000)
  to   space 17408K, 0% used [0x00000000f0700000,0x00000000f0700000,0x00000000f1800000)
 ParOldGen       total 60416K, used 14242K [0x00000000c0000000, 0x00000000c3b00000, 0x00000000eab00000)
  object space 60416K, 23% used [0x00000000c0000000,0x00000000c0de8a80,0x00000000c3b00000)
 Metaspace       used 32781K, capacity 34244K, committed 34560K, reserved 1079296K
  class space    used 4536K, capacity 5031K, committed 5120K, reserved 1048576K
Event: 36.988 GC heap after
Heap after GC invocations=9 (full 1):
 PSYoungGen      total 90624K, used 17401K [0x00000000eab00000, 0x00000000f2100000, 0x0000000100000000)
  eden space 73216K, 0% used [0x00000000eab00000,0x00000000eab00000,0x00000000ef280000)
  from space 17408K, 99% used [0x00000000f0700000,0x00000000f17fe720,0x00000000f1800000)
  to   space 20992K, 0% used [0x00000000ef280000,0x00000000ef280000,0x00000000f0700000)
 ParOldGen       total 60416K, used 17045K [0x00000000c0000000, 0x00000000c3b00000, 0x00000000eab00000)
  object space 60416K, 28% used [0x00000000c0000000,0x00000000c10a56a8,0x00000000c3b00000)
 Metaspace       used 32781K, capacity 34244K, committed 34560K, reserved 1079296K
  class space    used 4536K, capacity 5031K, committed 5120K, reserved 1048576K
}
Event: 37.833 GC heap before
{Heap before GC invocations=10 (full 1):
 PSYoungGen      total 90624K, used 55859K [0x00000000eab00000, 0x00000000f2100000, 0x0000000100000000)
  eden space 73216K, 52% used [0x00000000eab00000,0x00000000ed08e8b8,0x00000000ef280000)
  from space 17408K, 99% used [0x00000000f0700000,0x00000000f17fe720,0x00000000f1800000)
  to   space 20992K, 0% used [0x00000000ef280000,0x00000000ef280000,0x00000000f0700000)
 ParOldGen       total 60416K, used 17045K [0x00000000c0000000, 0x00000000c3b00000, 0x00000000eab00000)
  object space 60416K, 28% used [0x00000000c0000000,0x00000000c10a56a8,0x00000000c3b00000)
 Metaspace       used 33851K, capacity 35334K, committed 35496K, reserved 1079296K
  class space    used 4733K, capacity 5264K, committed 5288K, reserved 1048576K
Event: 37.896 GC heap after
Heap after GC invocations=10 (full 1):
 PSYoungGen      total 94208K, used 12937K [0x00000000eab00000, 0x00000000f3f80000, 0x0000000100000000)
  eden space 73216K, 0% used [0x00000000eab00000,0x00000000eab00000,0x00000000ef280000)
  from space 20992K, 61% used [0x00000000ef280000,0x00000000eff22730,0x00000000f0700000)
  to   space 20480K, 0% used [0x00000000f2b80000,0x00000000f2b80000,0x00000000f3f80000)
 ParOldGen       total 60416K, used 25331K [0x00000000c0000000, 0x00000000c3b00000, 0x00000000eab00000)
  object space 60416K, 41% used [0x00000000c0000000,0x00000000c18bce80,0x00000000c3b00000)
 Metaspace       used 33851K, capacity 35334K, committed 35496K, reserved 1079296K
  class space    used 4733K, capacity 5264K, committed 5288K, reserved 1048576K
}
Event: 37.896 GC heap before
{Heap before GC invocations=11 (full 2):
 PSYoungGen      total 94208K, used 12937K [0x00000000eab00000, 0x00000000f3f80000, 0x0000000100000000)
  eden space 73216K, 0% used [0x00000000eab00000,0x00000000eab00000,0x00000000ef280000)
  from space 20992K, 61% used [0x00000000ef280000,0x00000000eff22730,0x00000000f0700000)
  to   space 20480K, 0% used [0x00000000f2b80000,0x00000000f2b80000,0x00000000f3f80000)
 ParOldGen       total 60416K, used 25331K [0x00000000c0000000, 0x00000000c3b00000, 0x00000000eab00000)
  object space 60416K, 41% used [0x00000000c0000000,0x00000000c18bce80,0x00000000c3b00000)
 Metaspace       used 33851K, capacity 35334K, committed 35496K, reserved 1079296K
  class space    used 4733K, capacity 5264K, committed 5288K, reserved 1048576K
Event: 38.307 GC heap after
Heap after GC invocations=11 (full 2):
 PSYoungGen      total 94208K, used 0K [0x00000000eab00000, 0x00000000f3f80000, 0x0000000100000000)
  eden space 73216K, 0% used [0x00000000eab00000,0x00000000eab00000,0x00000000ef280000)
  from space 20992K, 0% used [0x00000000ef280000,0x00000000ef280000,0x00000000f0700000)
  to   space 20480K, 0% used [0x00000000f2b80000,0x00000000f2b80000,0x00000000f3f80000)
 ParOldGen       total 103936K, used 33767K [0x00000000c0000000, 0x00000000c6580000, 0x00000000eab00000)
  object space 103936K, 32% used [0x00000000c0000000,0x00000000c20f9fd0,0x00000000c6580000)
 Metaspace       used 33851K, capacity 35334K, committed 35496K, reserved 1079296K
  class space    used 4733K, capacity 5264K, committed 5288K, reserved 1048576K
}
Event: 39.975 GC heap before
{Heap before GC invocations=12 (full 2):
 PSYoungGen      total 94208K, used 73216K [0x00000000eab00000, 0x00000000f3f80000, 0x0000000100000000)
  eden space 73216K, 100% used [0x00000000eab00000,0x00000000ef280000,0x00000000ef280000)
  from space 20992K, 0% used [0x00000000ef280000,0x00000000ef280000,0x00000000f0700000)
  to   space 20480K, 0% used [0x00000000f2b80000,0x00000000f2b80000,0x00000000f3f80000)
 ParOldGen       total 103936K, used 33767K [0x00000000c0000000, 0x00000000c6580000, 0x00000000eab00000)
  object space 103936K, 32% used [0x00000000c0000000,0x00000000c20f9fd0,0x00000000c6580000)
 Metaspace       used 36888K, capacity 38521K, committed 38696K, reserved 1081344K
  class space    used 5191K, capacity 5857K, committed 5928K, reserved 1048576K
Event: 39.986 GC heap after
Heap after GC invocations=12 (full 2):
 PSYoungGen      total 115200K, used 6595K [0x00000000eab00000, 0x00000000f3780000, 0x0000000100000000)
  eden space 102912K, 0% used [0x00000000eab00000,0x00000000eab00000,0x00000000f0f80000)
  from space 12288K, 53% used [0x00000000f2b80000,0x00000000f31f0d70,0x00000000f3780000)
  to   space 20480K, 0% used [0x00000000f0f80000,0x00000000f0f80000,0x00000000f2380000)
 ParOldGen       total 103936K, used 33767K [0x00000000c0000000, 0x00000000c6580000, 0x00000000eab00000)
  object space 103936K, 32% used [0x00000000c0000000,0x00000000c20f9fd0,0x00000000c6580000)
 Metaspace       used 36888K, capacity 38521K, committed 38696K, reserved 1081344K
  class space    used 5191K, capacity 5857K, committed 5928K, reserved 1048576K
}

Deoptimization events (10 events):
Event: 43.546 Thread 0x00000000173e0800 Uncommon trap: reason=bimorphic action=maybe_recompile pc=0x0000000003d00130 method=java.util.Properties$LineReader.readLine()I @ 410
Event: 44.192 Thread 0x00000000173e0800 Uncommon trap: reason=class_check action=maybe_recompile pc=0x0000000002e966c8 method=org.gradle.api.internal.file.RelativePathSpec.isSatisfiedBy(Ljava/lang/Object;)Z @ 2
Event: 44.192 Thread 0x00000000173e0800 Uncommon trap: reason=class_check action=maybe_recompile pc=0x0000000002e966c8 method=org.gradle.api.internal.file.RelativePathSpec.isSatisfiedBy(Ljava/lang/Object;)Z @ 2
Event: 44.192 Thread 0x00000000173e0800 Uncommon trap: reason=class_check action=maybe_recompile pc=0x0000000002e966c8 method=org.gradle.api.internal.file.RelativePathSpec.isSatisfiedBy(Ljava/lang/Object;)Z @ 2
Event: 44.192 Thread 0x00000000173e0800 Uncommon trap: reason=class_check action=maybe_recompile pc=0x0000000002e966c8 method=org.gradle.api.internal.file.RelativePathSpec.isSatisfiedBy(Ljava/lang/Object;)Z @ 2
Event: 44.227 Thread 0x00000000173e0800 Uncommon trap: reason=class_check action=maybe_recompile pc=0x0000000002e953e0 method=org.gradle.api.internal.file.pattern.PatternMatcherFactory$PathMatcherBackedSpec.isSatisfiedBy(Lorg/gradle/api/file/RelativePath;)Z @ 23
Event: 44.227 Thread 0x00000000173e0800 Uncommon trap: reason=unstable_if action=reinterpret pc=0x00000000031f31a4 method=org.gradle.api.internal.file.pattern.FixedStepsPathMatcher.matches([Ljava/lang/String;I)Z @ 10
Event: 44.227 Thread 0x00000000173e0800 Uncommon trap: reason=class_check action=maybe_recompile pc=0x0000000002e953e0 method=org.gradle.api.internal.file.pattern.PatternMatcherFactory$PathMatcherBackedSpec.isSatisfiedBy(Lorg/gradle/api/file/RelativePath;)Z @ 23
Event: 44.227 Thread 0x00000000173e0800 Uncommon trap: reason=class_check action=maybe_recompile pc=0x0000000002e953e0 method=org.gradle.api.internal.file.pattern.PatternMatcherFactory$PathMatcherBackedSpec.isSatisfiedBy(Lorg/gradle/api/file/RelativePath;)Z @ 23
Event: 44.227 Thread 0x00000000173e0800 Uncommon trap: reason=class_check action=maybe_recompile pc=0x0000000002e953e0 method=org.gradle.api.internal.file.pattern.PatternMatcherFactory$PathMatcherBackedSpec.isSatisfiedBy(Lorg/gradle/api/file/RelativePath;)Z @ 23

Internal exceptions (10 events):
Event: 42.025 Thread 0x00000000173e0800 Exception <a 'java/lang/ClassNotFoundException': com/android/builder/internal/compiler/PreProcessCacheCustomizer> (0x00000000ee702ab8) thrown at [C:\re\workspace\8-2-build-windows-amd64-cygwin\jdk8u60\4407\hotspot\src\share\vm\classfile\systemDictionary.cp©CÈ¡E@
Event: 42.037 Thread 0x00000000173e0800 Exception <a 'java/lang/ClassNotFoundException': com/android/builder/internal/compiler/PreDexCacheCustomizer> (0x00000000ee7199b0) thrown at [C:\re\workspace\8-2-build-windows-amd64-cygwin\jdk8u60\4407\hotspot\src\share\vm\classfile\systemDictionary.cpp, l
Event: 43.680 Thread 0x00000000173e0800 Exception <a 'java/lang/ClassNotFoundException': com/android/build/gradle/internal/core/MergedNdkConfigBeanInfo> (0x00000000ef8d0ba8) thrown at [C:\re\workspace\8-2-build-windows-amd64-cygwin\jdk8u60\4407\hotspot\src\share\vm\classfile\systemDictionary.cpp“pqœ◊E@
Event: 43.680 Thread 0x00000000173e0800 Exception <a 'java/lang/ClassNotFoundException': com/android/build/gradle/internal/core/MergedNdkConfigCustomizer> (0x00000000ef8df330) thrown at [C:\re\workspace\8-2-build-windows-amd64-cygwin\jdk8u60\4407\hotspot\src\share\vm\classfile\systemDictionary.c˘+ÁoÊE@
Event: 43.797 Thread 0x00000000173e0800 Exception <a 'java/lang/ClassNotFoundException': com/google/common/base/JoinerBeanInfo> (0x00000000efc863b8) thrown at [C:\re\workspace\8-2-build-windows-amd64-cygwin\jdk8u60\4407\hotspot\src\share\vm\classfile\systemDictionary.cpp, line 210]
Event: 43.798 Thread 0x00000000173e0800 Exception <a 'java/lang/ClassNotFoundException': com/google/common/base/JoinerCustomizer> (0x00000000efc92278) thrown at [C:\re\workspace\8-2-build-windows-amd64-cygwin\jdk8u60\4407\hotspot\src\share\vm\classfile\systemDictionary.cpp, line 210]
Event: 43.802 Thread 0x00000000173e0800 Exception <a 'java/lang/ClassNotFoundException': com/android/build/gradle/tasks/ManifestProcessorTask$1BeanInfo> (0x00000000efce3070) thrown at [C:\re\workspace\8-2-build-windows-amd64-cygwin\jdk8u60\4407\hotspot\src\share\vm\classfile\systemDictionary.cpp](Î¢ÊE@
Event: 43.802 Thread 0x00000000173e0800 Exception <a 'java/lang/ClassNotFoundException': com/android/build/gradle/tasks/ManifestProcessorTask$1Customizer> (0x00000000efcf19e0) thrown at [C:\re\workspace\8-2-build-windows-amd64-cygwin\jdk8u60\4407\hotspot\src\share\vm\classfile\systemDictionary.cS [Ú¬ÊE@
Event: 43.803 Thread 0x00000000173e0800 Exception <a 'java/lang/ClassNotFoundException': com/google/common/collect/IterablesBeanInfo> (0x00000000efd23d90) thrown at [C:\re\workspace\8-2-build-windows-amd64-cygwin\jdk8u60\4407\hotspot\src\share\vm\classfile\systemDictionary.cpp, line 210]
Event: 43.803 Thread 0x00000000173e0800 Exception <a 'java/lang/ClassNotFoundException': com/google/common/collect/IterablesCustomizer> (0x00000000efd30b10) thrown at [C:\re\workspace\8-2-build-windows-amd64-cygwin\jdk8u60\4407\hotspot\src\share\vm\classfile\systemDictionary.cpp, line 210]

Events (10 events):
Event: 44.236 loading class com/google/common/cache/RemovalCause$1
Event: 44.236 loading class com/google/common/cache/RemovalCause$1 done
Event: 44.236 loading class com/google/common/cache/RemovalCause$2
Event: 44.236 loading class com/google/common/cache/RemovalCause$2 done
Event: 44.238 loading class com/google/common/cache/RemovalCause$3
Event: 44.238 loading class com/google/common/cache/RemovalCause$3 done
Event: 44.238 loading class com/google/common/cache/RemovalCause$4
Event: 44.238 loading class com/google/common/cache/RemovalCause$4 done
Event: 44.238 loading class com/google/common/cache/RemovalCause$5
Event: 44.238 loading class com/google/common/cache/RemovalCause$5 done


Dynamic libraries:
0x00007ff68ba30000 - 0x00007ff68ba67000 	C:\Program Files\Java\jdk1.8.0_60\bin\java.exe
0x00007fff2fc60000 - 0x00007fff2fe21000 	C:\Windows\SYSTEM32\ntdll.dll
0x00007fff2de10000 - 0x00007fff2debd000 	C:\Windows\system32\KERNEL32.DLL
0x00007fff2cfe0000 - 0x00007fff2d1bd000 	C:\Windows\system32\KERNELBASE.dll
0x00007fff2fa70000 - 0x00007fff2fb16000 	C:\Windows\system32\ADVAPI32.dll
0x00007fff2f9d0000 - 0x00007fff2fa6d000 	C:\Windows\system32\msvcrt.dll
0x00007fff2d9a0000 - 0x00007fff2d9fb000 	C:\Windows\system32\sechost.dll
0x00007fff2f890000 - 0x00007fff2f9b6000 	C:\Windows\system32\RPCRT4.dll
0x00007fff2dec0000 - 0x00007fff2e00e000 	C:\Windows\system32\USER32.dll
0x00007fff2e0d0000 - 0x00007fff2e256000 	C:\Windows\system32\GDI32.dll
0x00007fff21a90000 - 0x00007fff21d04000 	C:\Windows\WinSxS\amd64_microsoft.windows.common-controls_6595b64144ccf1df_6.0.10240.16384_none_f41f7b285750ef43\COMCTL32.dll
0x00007fff2f790000 - 0x00007fff2f7c6000 	C:\Windows\system32\IMM32.DLL
0x00007fff2dae0000 - 0x00007fff2dc3c000 	C:\Windows\system32\MSCTF.dll
0x0000000067c70000 - 0x0000000067d42000 	C:\Program Files\Java\jdk1.8.0_60\jre\bin\msvcr100.dll
0x0000000067040000 - 0x00000000678c9000 	C:\Program Files\Java\jdk1.8.0_60\jre\bin\server\jvm.dll
0x00007fff2f9c0000 - 0x00007fff2f9c8000 	C:\Windows\system32\PSAPI.DLL
0x00007fff27d20000 - 0x00007fff27d29000 	C:\Windows\SYSTEM32\WSOCK32.dll
0x00007fff2ace0000 - 0x00007fff2ad03000 	C:\Windows\SYSTEM32\WINMM.dll
0x00007fff2fb20000 - 0x00007fff2fb89000 	C:\Windows\system32\WS2_32.dll
0x00007fff2d690000 - 0x00007fff2d698000 	C:\Windows\system32\NSI.dll
0x00007fff29c70000 - 0x00007fff29c7a000 	C:\Windows\SYSTEM32\VERSION.dll
0x00007fff2ac80000 - 0x00007fff2acac000 	C:\Windows\SYSTEM32\WINMMBASE.dll
0x00007fff2d1c0000 - 0x00007fff2d204000 	C:\Windows\system32\cfgmgr32.dll
0x00007fff2b000000 - 0x00007fff2b027000 	C:\Windows\SYSTEM32\DEVOBJ.dll
0x0000000067c60000 - 0x0000000067c6f000 	C:\Program Files\Java\jdk1.8.0_60\jre\bin\verify.dll
0x0000000067c30000 - 0x0000000067c59000 	C:\Program Files\Java\jdk1.8.0_60\jre\bin\java.dll
0x0000000067c10000 - 0x0000000067c26000 	C:\Program Files\Java\jdk1.8.0_60\jre\bin\zip.dll
0x00007fff2e260000 - 0x00007fff2f782000 	C:\Windows\system32\SHELL32.dll
0x00007fff2c730000 - 0x00007fff2cd58000 	C:\Windows\system32\windows.storage.dll
0x00007fff2d350000 - 0x00007fff2d5cc000 	C:\Windows\system32\combase.dll
0x00007fff2f830000 - 0x00007fff2f881000 	C:\Windows\system32\shlwapi.dll
0x00007fff2c690000 - 0x00007fff2c69f000 	C:\Windows\system32\kernel.appcore.dll
0x00007fff2d270000 - 0x00007fff2d323000 	C:\Windows\system32\shcore.dll
0x00007fff2c6a0000 - 0x00007fff2c6ea000 	C:\Windows\system32\powrprof.dll
0x00007fff2c6f0000 - 0x00007fff2c703000 	C:\Windows\system32\profapi.dll
0x00007fff2bf00000 - 0x00007fff2bf17000 	C:\Windows\SYSTEM32\CRYPTSP.dll
0x00007fff2c5c0000 - 0x00007fff2c5e8000 	C:\Windows\SYSTEM32\bcrypt.dll
0x00007fff2bb50000 - 0x00007fff2bb83000 	C:\Windows\system32\rsaenh.dll
0x00007fff2bcf0000 - 0x00007fff2bd0f000 	C:\Windows\SYSTEM32\USERENV.dll
0x00007fff2c4b0000 - 0x00007fff2c51b000 	C:\Windows\system32\bcryptprimitives.dll
0x00007fff2c070000 - 0x00007fff2c07b000 	C:\Windows\SYSTEM32\CRYPTBASE.dll
0x0000000067bf0000 - 0x0000000067c0a000 	C:\Program Files\Java\jdk1.8.0_60\jre\bin\net.dll
0x00007fff2bea0000 - 0x00007fff2befd000 	C:\Windows\system32\mswsock.dll
0x00007fff2a0d0000 - 0x00007fff2a108000 	C:\Windows\SYSTEM32\IPHLPAPI.DLL
0x00007fff2a0c0000 - 0x00007fff2a0cb000 	C:\Windows\SYSTEM32\WINNSI.DLL
0x00007fff26bf0000 - 0x00007fff26c06000 	C:\Windows\SYSTEM32\dhcpcsvc6.DLL
0x00007fff26960000 - 0x00007fff2697a000 	C:\Windows\SYSTEM32\dhcpcsvc.DLL
0x0000000067bd0000 - 0x0000000067be1000 	C:\Program Files\Java\jdk1.8.0_60\jre\bin\nio.dll
0x00007fff24b70000 - 0x00007fff24b82000 	C:\Users\jun4r\AppData\Local\Temp\native-platform2259566007252540613dir\native-platform.dll

VM Arguments:
jvm_args: -XX:MaxPermSize=256m -XX:+HeapDumpOnOutOfMemoryError -Xmx1024m -Dfile.encoding=GBK -Duser.country=CN -Duser.language=zh -Duser.variant 
java_command: org.gradle.launcher.daemon.bootstrap.GradleDaemon 2.2.1 C:\Users\jun4r\.gradle\daemon 10800000 60b93f98-d260-4d91-81fc-93bccb92f304 -XX:MaxPermSize=256m -XX:+HeapDumpOnOutOfMemoryError -Xmx1024m -Dfile.encoding=GBK -Duser.country=CN -Duser.language=zh -Duser.variant
java_class_path (initial): C:\Users\jun4r\.gradle\wrapper\dists\gradle-2.2.1-all\2m8005s69iu8v0oiejfej094b\gradle-2.2.1\lib\gradle-launcher-2.2.1.jar
Launcher Type: SUN_STANDARD

Environment Variables:
JAVA_HOME=C:\Program Files\Java\jdk1.8.0_60
CLASSPATH=D:\src\mobile_htyou\platforms\android\\gradle\wrapper\gradle-wrapper.jar
PATH=C:\ProgramData\Oracle\Java\javapath;C:\Windows\system32;C:\Windows;C:\Windows\System32\Wbem;C:\Windows\System32\WindowsPowerShell\v1.0\;C:\Program Files (x86)\ATI Technologies\ATI.ACE\Core-Static;C:\Program Files (x86)\Git\cmd;C:\Program Files\nodejs\;C:\Users\jun4r\AppData\Roaming\npm;C:\Users\jun4r\AppData\Local\Android\Sdk;C:\Users\jun4r\AppData\Local\Android\Sdk\platform-tools;C:\Users\jun4r\AppData\Local\Android\Sdk\tools;C:\Users\jun4r\AppData\Local\atom\bin;C:\Program Files\Java\jdk1.8.0_60\bin
USERNAME=jun4r
OS=Windows_NT
PROCESSOR_IDENTIFIER=Intel64 Family 6 Model 42 Stepping 7, GenuineIntel



---------------  S Y S T E M  ---------------

OS: Windows 10.0 , 64 bit Build 10240 (10.0.10240.16384)

CPU:total 2 (2 cores per cpu, 2 threads per core) family 6 model 42 stepping 7, cmov, cx8, fxsr, mmx, sse, sse2, sse3, ssse3, sse4.1, sse4.2, popcnt, avx, clmul, ht, tsc, tscinvbit

Memory: 4k page, physical 12565148k(5570884k free), swap 27925500k(5540k free)

vm_info: Java HotSpot(TM) 64-Bit Server VM (25.60-b23) for windows-amd64 JRE (1.8.0_60-b27), built on Aug  4 2015 11:06:27 by "java_re" with MS VC++ 10.0 (VS2010)

time: Fri Dec 04 14:56:44 2015
elapsed time: 44 seconds (0d 0h 0m 44s)

