#
# There is insufficient memory for the Java Runtime Environment to continue.
# Native memory allocation (malloc) failed to allocate 408592 bytes for Chunk::new
# Possible reasons:
#   The system is out of physical RAM or swap space
#   In 32 bit mode, the process size limit was hit
# Possible solutions:
#   Reduce memory load on the system
#   Increase physical memory or swap space
#   Check if swap backing store is full
#   Use 64 bit Java on a 64 bit OS
#   Decrease Java heap size (-Xmx/-Xms)
#   Decrease number of Java threads
#   Decrease Java thread stack sizes (-Xss)
#   Set larger code cache with -XX:ReservedCodeCacheSize=
# This output file may be truncated or incomplete.
#
#  Out of Memory Error (allocation.cpp:390), pid=25860, tid=6112
#
# JRE version: Java(TM) SE Runtime Environment (8.0_60-b27) (build 1.8.0_60-b27)
# Java VM: Java HotSpot(TM) 64-Bit Server VM (25.60-b23 mixed mode windows-amd64 compressed oops)
# Failed to write core dump. Minidumps are not enabled by default on client versions of Windows
#

---------------  T H R E A D  ---------------

Current thread (0x0000000014948800):  JavaThread "C2 CompilerThread0" daemon [_thread_in_native, id=6112, stack(0x0000000015890000,0x0000000015990000)]

Stack: [0x0000000015890000,0x0000000015990000]
[error occurred during error reporting (printing stack bounds), id 0xc0000005]

Native frames: (J=compiled Java code, j=interpreted, Vv=VM code, C=native code)


Current CompileTask:
C2:  26584 4338   !   4       org.gradle.api.internal.project.taskfactory.AnnotationProcessingTaskFactory$Validator::attachValidationAction (104 bytes)


---------------  P R O C E S S  ---------------

Java Threads: ( => current thread )
  0x000000001a286800 JavaThread "File lock request listener" [_thread_in_native, id=11128, stack(0x0000000019970000,0x0000000019a70000)]
  0x0000000016383000 JavaThread "Stdin handler" [_thread_blocked, id=6656, stack(0x00000000180a0000,0x00000000181a0000)]
  0x000000001635f000 JavaThread "Daemon worker" [_thread_in_Java, id=7672, stack(0x0000000017fa0000,0x00000000180a0000)]
  0x000000001614e000 JavaThread "Cancel handler" [_thread_blocked, id=6776, stack(0x0000000017ea0000,0x0000000017fa0000)]
  0x0000000016c5d000 JavaThread "Handler for socket connection from /127.0.0.1:58676 to /127.0.0.1:58677" [_thread_in_native, id=6744, stack(0x0000000017da0000,0x0000000017ea0000)]
  0x0000000016c5c000 JavaThread "Daemon" [_thread_blocked, id=21696, stack(0x0000000017ca0000,0x0000000017da0000)]
  0x0000000016191800 JavaThread "Incoming local TCP Connector on port 58676" [_thread_in_native, id=10516, stack(0x00000000179a0000,0x0000000017aa0000)]
  0x000000001498e000 JavaThread "Service Thread" daemon [_thread_blocked, id=3104, stack(0x0000000015e90000,0x0000000015f90000)]
  0x000000001494c800 JavaThread "C1 CompilerThread1" daemon [_thread_in_vm, id=20644, stack(0x0000000015990000,0x0000000015a90000)]
=>0x0000000014948800 JavaThread "C2 CompilerThread0" daemon [_thread_in_native, id=6112, stack(0x0000000015890000,0x0000000015990000)]
  0x00000000148fa000 JavaThread "Attach Listener" daemon [_thread_blocked, id=5184, stack(0x0000000015790000,0x0000000015890000)]
  0x0000000014947800 JavaThread "Signal Dispatcher" daemon [_thread_blocked, id=16196, stack(0x0000000015690000,0x0000000015790000)]
  0x0000000002454000 JavaThread "Finalizer" daemon [_thread_blocked, id=27700, stack(0x0000000015530000,0x0000000015630000)]
  0x000000000244b800 JavaThread "Reference Handler" daemon [_thread_blocked, id=19972, stack(0x0000000015430000,0x0000000015530000)]
  0x0000000002362800 JavaThread "main" [_thread_blocked, id=18792, stack(0x0000000002240000,0x0000000002340000)]

Other Threads:
  0x00000000148b6000 VMThread [stack: 0x0000000015330000,0x0000000015430000] [id=23732]
  0x0000000015ae3000 WatcherThread [stack: 0x0000000015f90000,0x0000000016090000] [id=13032]

VM state:not at safepoint (normal execution)

VM Mutex/Monitor currently owned by a thread: None

Heap:
 PSYoungGen      total 90624K, used 57251K [0x00000000eab00000, 0x00000000f3600000, 0x0000000100000000)
  eden space 76288K, 66% used [0x00000000eab00000,0x00000000edc781f0,0x00000000ef580000)
  from space 14336K, 46% used [0x00000000ef580000,0x00000000efbf0d70,0x00000000f0380000)
  to   space 22528K, 0% used [0x00000000f2000000,0x00000000f2000000,0x00000000f3600000)
 ParOldGen       total 78848K, used 33359K [0x00000000c0000000, 0x00000000c4d00000, 0x00000000eab00000)
  object space 78848K, 42% used [0x00000000c0000000,0x00000000c2093f00,0x00000000c4d00000)
 Metaspace       used 37451K, capacity 39237K, committed 39336K, reserved 1083392K
  class space    used 5261K, capacity 6010K, committed 6056K, reserved 1048576K

Card table byte_map: [0x0000000011820000,0x0000000011a30000] byte_map_base: 0x0000000011220000

Marking Bits: (ParMarkBitMap*) 0x000000006784a5b0
 Begin Bits: [0x0000000011d90000, 0x0000000012d90000)
 End Bits:   [0x0000000012d90000, 0x0000000013d90000)

Polling page: 0x0000000000740000

CodeCache: size=245760Kb used=16550Kb max_used=16550Kb free=229209Kb
 bounds [0x0000000002460000, 0x00000000034a0000, 0x0000000011460000]
 total_blobs=4840 nmethods=4182 adapters=569
 compilation: enabled

Compilation events (10 events):
Event: 26.572 Thread 0x000000001494c800 4348       3       com.google.common.collect.ImmutableCollection$Builder::addAll (34 bytes)
Event: 26.573 Thread 0x000000001494c800 nmethod 4348 0x000000000348d5d0 code [0x000000000348d780, 0x000000000348dc98]
Event: 26.573 Thread 0x000000001494c800 4350       3       org.gradle.model.internal.registry.DefaultModelRegistry::close (98 bytes)
Event: 26.574 Thread 0x000000001494c800 nmethod 4350 0x000000000348de50 code [0x000000000348e140, 0x000000000348f4d8]
Event: 26.574 Thread 0x000000001494c800 4351       3       com.google.common.collect.ImmutableList::iterator (5 bytes)
Event: 26.574 Thread 0x000000001494c800 nmethod 4351 0x0000000003490110 code [0x0000000003490280, 0x0000000003490568]
Event: 26.574 Thread 0x000000001494c800 4352       3       com.google.common.collect.ImmutableList::listIterator (6 bytes)
Event: 26.574 Thread 0x000000001494c800 nmethod 4352 0x0000000003490650 code [0x00000000034907c0, 0x00000000034909e8]
Event: 26.575 Thread 0x000000001494c800 4354       3       com.google.common.collect.ImmutableSet::chooseTableSize (55 bytes)
Event: 26.576 Thread 0x000000001494c800 nmethod 4354 0x0000000003490a90 code [0x0000000003490c60, 0x0000000003491198]

GC Heap History (10 events):
Event: 20.865 GC heap before
{Heap before GC invocations=7 (full 1):
 PSYoungGen      total 57344K, used 57324K [0x00000000eab00000, 0x00000000f0f80000, 0x0000000100000000)
  eden space 49152K, 100% used [0x00000000eab00000,0x00000000edb00000,0x00000000edb00000)
  from space 8192K, 99% used [0x00000000edb00000,0x00000000ee2fb248,0x00000000ee300000)
  to   space 12288K, 0% used [0x00000000f0380000,0x00000000f0380000,0x00000000f0f80000)
 ParOldGen       total 78848K, used 9858K [0x00000000c0000000, 0x00000000c4d00000, 0x00000000eab00000)
  object space 78848K, 12% used [0x00000000c0000000,0x00000000c09a09f0,0x00000000c4d00000)
 Metaspace       used 29990K, capacity 30830K, committed 31104K, reserved 1075200K
  class space    used 4044K, capacity 4417K, committed 4480K, reserved 1048576K
Event: 20.887 GC heap after
Heap after GC invocations=7 (full 1):
 PSYoungGen      total 88576K, used 12266K [0x00000000eab00000, 0x00000000f1900000, 0x0000000100000000)
  eden space 76288K, 0% used [0x00000000eab00000,0x00000000eab00000,0x00000000ef580000)
  from space 12288K, 99% used [0x00000000f0380000,0x00000000f0f7aa80,0x00000000f0f80000)
  to   space 14336K, 0% used [0x00000000ef580000,0x00000000ef580000,0x00000000f0380000)
 ParOldGen       total 78848K, used 11342K [0x00000000c0000000, 0x00000000c4d00000, 0x00000000eab00000)
  object space 78848K, 14% used [0x00000000c0000000,0x00000000c0b13b30,0x00000000c4d00000)
 Metaspace       used 29990K, capacity 30830K, committed 31104K, reserved 1075200K
  class space    used 4044K, capacity 4417K, committed 4480K, reserved 1048576K
}
Event: 23.552 GC heap before
{Heap before GC invocations=8 (full 1):
 PSYoungGen      total 88576K, used 88554K [0x00000000eab00000, 0x00000000f1900000, 0x0000000100000000)
  eden space 76288K, 100% used [0x00000000eab00000,0x00000000ef580000,0x00000000ef580000)
  from space 12288K, 99% used [0x00000000f0380000,0x00000000f0f7aa80,0x00000000f0f80000)
  to   space 14336K, 0% used [0x00000000ef580000,0x00000000ef580000,0x00000000f0380000)
 ParOldGen       total 78848K, used 11342K [0x00000000c0000000, 0x00000000c4d00000, 0x00000000eab00000)
  object space 78848K, 14% used [0x00000000c0000000,0x00000000c0b13b30,0x00000000c4d00000)
 Metaspace       used 32504K, capacity 33856K, committed 34048K, reserved 1079296K
  class space    used 4487K, capacity 4995K, committed 5120K, reserved 1048576K
Event: 23.581 GC heap after
Heap after GC invocations=8 (full 1):
 PSYoungGen      total 90624K, used 14304K [0x00000000eab00000, 0x00000000f1900000, 0x0000000100000000)
  eden space 76288K, 0% used [0x00000000eab00000,0x00000000eab00000,0x00000000ef580000)
  from space 14336K, 99% used [0x00000000ef580000,0x00000000f0378138,0x00000000f0380000)
  to   space 12288K, 0% used [0x00000000f0380000,0x00000000f0380000,0x00000000f0f80000)
 ParOldGen       total 78848K, used 18407K [0x00000000c0000000, 0x00000000c4d00000, 0x00000000eab00000)
  object space 78848K, 23% used [0x00000000c0000000,0x00000000c11f9d18,0x00000000c4d00000)
 Metaspace       used 32504K, capacity 33856K, committed 34048K, reserved 1079296K
  class space    used 4487K, capacity 4995K, committed 5120K, reserved 1048576K
}
Event: 24.386 GC heap before
{Heap before GC invocations=9 (full 1):
 PSYoungGen      total 90624K, used 67047K [0x00000000eab00000, 0x00000000f1900000, 0x0000000100000000)
  eden space 76288K, 69% used [0x00000000eab00000,0x00000000ede81cb0,0x00000000ef580000)
  from space 14336K, 99% used [0x00000000ef580000,0x00000000f0378138,0x00000000f0380000)
  to   space 12288K, 0% used [0x00000000f0380000,0x00000000f0380000,0x00000000f0f80000)
 ParOldGen       total 78848K, used 18407K [0x00000000c0000000, 0x00000000c4d00000, 0x00000000eab00000)
  object space 78848K, 23% used [0x00000000c0000000,0x00000000c11f9d18,0x00000000c4d00000)
 Metaspace       used 33866K, capacity 35326K, committed 35496K, reserved 1079296K
  class space    used 4735K, capacity 5265K, committed 5288K, reserved 1048576K
Event: 24.413 GC heap after
Heap after GC invocations=9 (full 1):
 PSYoungGen      total 88576K, used 12288K [0x00000000eab00000, 0x00000000f1900000, 0x0000000100000000)
  eden space 76288K, 0% used [0x00000000eab00000,0x00000000eab00000,0x00000000ef580000)
  from space 12288K, 100% used [0x00000000f0380000,0x00000000f0f80000,0x00000000f0f80000)
  to   space 14336K, 0% used [0x00000000ef580000,0x00000000ef580000,0x00000000f0380000)
 ParOldGen       total 78848K, used 26124K [0x00000000c0000000, 0x00000000c4d00000, 0x00000000eab00000)
  object space 78848K, 33% used [0x00000000c0000000,0x00000000c1983228,0x00000000c4d00000)
 Metaspace       used 33866K, capacity 35326K, committed 35496K, reserved 1079296K
  class space    used 4735K, capacity 5265K, committed 5288K, reserved 1048576K
}
Event: 24.413 GC heap before
{Heap before GC invocations=10 (full 2):
 PSYoungGen      total 88576K, used 12288K [0x00000000eab00000, 0x00000000f1900000, 0x0000000100000000)
  eden space 76288K, 0% used [0x00000000eab00000,0x00000000eab00000,0x00000000ef580000)
  from space 12288K, 100% used [0x00000000f0380000,0x00000000f0f80000,0x00000000f0f80000)
  to   space 14336K, 0% used [0x00000000ef580000,0x00000000ef580000,0x00000000f0380000)
 ParOldGen       total 78848K, used 26124K [0x00000000c0000000, 0x00000000c4d00000, 0x00000000eab00000)
  object space 78848K, 33% used [0x00000000c0000000,0x00000000c1983228,0x00000000c4d00000)
 Metaspace       used 33866K, capacity 35326K, committed 35496K, reserved 1079296K
  class space    used 4735K, capacity 5265K, committed 5288K, reserved 1048576K
Event: 24.668 GC heap after
Heap after GC invocations=10 (full 2):
 PSYoungGen      total 88576K, used 0K [0x00000000eab00000, 0x00000000f1900000, 0x0000000100000000)
  eden space 76288K, 0% used [0x00000000eab00000,0x00000000eab00000,0x00000000ef580000)
  from space 12288K, 0% used [0x00000000f0380000,0x00000000f0380000,0x00000000f0f80000)
  to   space 14336K, 0% used [0x00000000ef580000,0x00000000ef580000,0x00000000f0380000)
 ParOldGen       total 78848K, used 33359K [0x00000000c0000000, 0x00000000c4d00000, 0x00000000eab00000)
  object space 78848K, 42% used [0x00000000c0000000,0x00000000c2093f00,0x00000000c4d00000)
 Metaspace       used 33866K, capacity 35326K, committed 35496K, reserved 1079296K
  class space    used 4735K, capacity 5265K, committed 5288K, reserved 1048576K
}
Event: 25.911 GC heap before
{Heap before GC invocations=11 (full 2):
 PSYoungGen      total 88576K, used 76288K [0x00000000eab00000, 0x00000000f1900000, 0x0000000100000000)
  eden space 76288K, 100% used [0x00000000eab00000,0x00000000ef580000,0x00000000ef580000)
  from space 12288K, 0% used [0x00000000f0380000,0x00000000f0380000,0x00000000f0f80000)
  to   space 14336K, 0% used [0x00000000ef580000,0x00000000ef580000,0x00000000f0380000)
 ParOldGen       total 78848K, used 33359K [0x00000000c0000000, 0x00000000c4d00000, 0x00000000eab00000)
  object space 78848K, 42% used [0x00000000c0000000,0x00000000c2093f00,0x00000000c4d00000)
 Metaspace       used 36794K, capacity 38416K, committed 38696K, reserved 1081344K
  class space    used 5191K, capacity 5859K, committed 5928K, reserved 1048576K
Event: 25.920 GC heap after
Heap after GC invocations=11 (full 2):
 PSYoungGen      total 90624K, used 6595K [0x00000000eab00000, 0x00000000f3600000, 0x0000000100000000)
  eden space 76288K, 0% used [0x00000000eab00000,0x00000000eab00000,0x00000000ef580000)
  from space 14336K, 46% used [0x00000000ef580000,0x00000000efbf0d70,0x00000000f0380000)
  to   space 22528K, 0% used [0x00000000f2000000,0x00000000f2000000,0x00000000f3600000)
 ParOldGen       total 78848K, used 33359K [0x00000000c0000000, 0x00000000c4d00000, 0x00000000eab00000)
  object space 78848K, 42% used [0x00000000c0000000,0x00000000c2093f00,0x00000000c4d00000)
 Metaspace       used 36794K, capacity 38416K, committed 38696K, reserved 1081344K
  class space    used 5191K, capacity 5859K, committed 5928K, reserved 1048576K
}

Deoptimization events (10 events):
Event: 22.666 Thread 0x000000001635f000 Uncommon trap: reason=unstable_if action=reinterpret pc=0x0000000002cca9b4 method=java.util.AbstractCollection.toArray([Ljava/lang/Object;)[Ljava/lang/Object; @ 8
Event: 23.961 Thread 0x000000001635f000 Uncommon trap: reason=unstable_if action=reinterpret pc=0x0000000002f7013c method=org.gradle.api.internal.ConventionAwareHelper.getConventionValue(Ljava/lang/Object;Ljava/lang/String;Z)Ljava/lang/Object; @ 19
Event: 23.985 Thread 0x000000001635f000 Uncommon trap: reason=unstable_if action=reinterpret pc=0x000000000270f3bc method=org.codehaus.groovy.util.ReferenceManager$2.afterReferenceCreation(Lorg/codehaus/groovy/util/Reference;)V @ 8
Event: 23.986 Thread 0x000000001635f000 Uncommon trap: reason=unstable_if action=reinterpret pc=0x0000000002edbae8 method=org.codehaus.groovy.util.ReferenceManager$2.afterReferenceCreation(Lorg/codehaus/groovy/util/Reference;)V @ 8
Event: 23.986 Thread 0x000000001635f000 Uncommon trap: reason=unstable_if action=reinterpret pc=0x0000000002b28e40 method=org.codehaus.groovy.util.ReferenceManager$2.afterReferenceCreation(Lorg/codehaus/groovy/util/Reference;)V @ 8
Event: 24.187 Thread 0x000000001635f000 Uncommon trap: reason=unstable_if action=reinterpret pc=0x0000000002d5c57c method=org.codehaus.groovy.util.ReferenceManager$2.afterReferenceCreation(Lorg/codehaus/groovy/util/Reference;)V @ 8
Event: 24.831 Thread 0x000000001635f000 Uncommon trap: reason=unstable_if action=reinterpret pc=0x0000000002bcd9b4 method=java.util.regex.Pattern.has(I)Z @ 6
Event: 25.504 Thread 0x000000001635f000 Uncommon trap: reason=unstable_if action=reinterpret pc=0x00000000028c3180 method=java.lang.AbstractStringBuilder.append(Ljava/lang/String;)Ljava/lang/AbstractStringBuilder; @ 1
Event: 25.736 Thread 0x000000001635f000 Uncommon trap: reason=unstable_if action=reinterpret pc=0x00000000032a27a4 method=java.util.regex.Pattern.expr(Ljava/util/regex/Pattern$Node;)Ljava/util/regex/Pattern$Node; @ 129
Event: 25.751 Thread 0x000000001635f000 Uncommon trap: reason=unstable_if action=reinterpret pc=0x0000000003296b90 method=java.util.regex.Pattern.expr(Ljava/util/regex/Pattern$Node;)Ljava/util/regex/Pattern$Node; @ 129

Internal exceptions (10 events):
Event: 26.539 Thread 0x000000001635f000 Exception <a 'java/lang/ClassNotFoundException': com/android/build/gradle/internal/api/ApplicationVariantImplCustomizer> (0x00000000ed82f480) thrown at [C:\re\workspace\8-2-build-windows-amd64-cygwin\jdk8u60\4407\hotspot\src\share\vm\classfile\systemDictio$6²ÖŠ:@
Event: 26.539 Thread 0x000000001635f000 Exception <a 'java/lang/ClassNotFoundException': com/android/build/gradle/internal/api/ApplicationVariantImpl_DecoratedCustomizer> (0x00000000ed84d3b8) thrown at [C:\re\workspace\8-2-build-windows-amd64-cygwin\jdk8u60\4407\hotspot\src\share\vm\classfile\sy5‹ª8‹:@
Event: 26.544 Thread 0x000000001635f000 Exception <a 'java/lang/ClassNotFoundException': com/android/build/gradle/api/BaseVariantBeanInfo> (0x00000000ed9006e0) thrown at [C:\re\workspace\8-2-build-windows-amd64-cygwin\jdk8u60\4407\hotspot\src\share\vm\classfile\systemDictionary.cpp, line 210]
Event: 26.544 Thread 0x000000001635f000 Exception <a 'java/lang/ClassNotFoundException': com/android/build/gradle/api/BaseVariantCustomizer> (0x00000000ed90e5f8) thrown at [C:\re\workspace\8-2-build-windows-amd64-cygwin\jdk8u60\4407\hotspot\src\share\vm\classfile\systemDictionary.cpp, line 210]
Event: 26.547 Thread 0x000000001635f000 Exception <a 'java/lang/ClassNotFoundException': com/android/build/gradle/api/ApkVariantBeanInfo> (0x00000000ed94ac30) thrown at [C:\re\workspace\8-2-build-windows-amd64-cygwin\jdk8u60\4407\hotspot\src\share\vm\classfile\systemDictionary.cpp, line 210]
Event: 26.547 Thread 0x000000001635f000 Exception <a 'java/lang/ClassNotFoundException': com/android/build/gradle/api/ApkVariantCustomizer> (0x00000000ed958948) thrown at [C:\re\workspace\8-2-build-windows-amd64-cygwin\jdk8u60\4407\hotspot\src\share\vm\classfile\systemDictionary.cpp, line 210]
Event: 26.548 Thread 0x000000001635f000 Exception <a 'java/lang/ClassNotFoundException': com/android/build/gradle/api/ApplicationVariantBeanInfo> (0x00000000ed97ff68) thrown at [C:\re\workspace\8-2-build-windows-amd64-cygwin\jdk8u60\4407\hotspot\src\share\vm\classfile\systemDictionary.cpp, line ’ëÚÝVŒ:@
Event: 26.548 Thread 0x000000001635f000 Exception <a 'java/lang/ClassNotFoundException': com/android/build/gradle/api/ApplicationVariantCustomizer> (0x00000000ed98e898) thrown at [C:\re\workspace\8-2-build-windows-amd64-cygwin\jdk8u60\4407\hotspot\src\share\vm\classfile\systemDictionary.cpp, linøJ/p€Œ:@
Event: 26.549 Thread 0x000000001635f000 Exception <a 'java/lang/ClassNotFoundException': com/android/build/gradle/internal/api/TestedVariantBeanInfo> (0x00000000ed9ad9d0) thrown at [C:\re\workspace\8-2-build-windows-amd64-cygwin\jdk8u60\4407\hotspot\src\share\vm\classfile\systemDictionary.cpp, l+
£ñ“Œ:@
Event: 26.549 Thread 0x000000001635f000 Exception <a 'java/lang/ClassNotFoundException': com/android/build/gradle/internal/api/TestedVariantCustomizer> (0x00000000ed9bce98) thrown at [C:\re\workspace\8-2-build-windows-amd64-cygwin\jdk8u60\4407\hotspot\src\share\vm\classfile\systemDictionary.cpp,i®€ø‰:@

Events (10 events):
Event: 26.552 loading class hellocordova_xwalk_46j4fxsxgc79lbtfzcouzkcjq$_run_closure2_closure6_closure7
Event: 26.552 loading class hellocordova_xwalk_46j4fxsxgc79lbtfzcouzkcjq$_run_closure2_closure6_closure7 done
Event: 26.566 loading class groovy/runtime/metaclass/hellocordova_xwalk_46j4fxsxgc79lbtfzcouzkcjq$_run_closure2_closure6_closure7MetaClass
Event: 26.566 loading class groovy/runtime/metaclass/hellocordova_xwalk_46j4fxsxgc79lbtfzcouzkcjq$_run_closure2_closure6_closure7MetaClass done
Event: 26.570 Thread 0x000000001635f000 DEOPT PACKING pc=0x0000000003287d01 sp=0x000000001809a810
Event: 26.570 Thread 0x000000001635f000 DEOPT UNPACKING pc=0x00000000024a787f sp=0x000000001809a540 mode 0
Event: 26.571 loading class com/android/build/gradle/BasePlugin$_createAndroidTasks_closure11
Event: 26.571 loading class com/android/build/gradle/BasePlugin$_createAndroidTasks_closure11 done
Event: 26.572 loading class groovy/runtime/metaclass/com/android/build/gradle/BasePlugin$_createAndroidTasks_closure11MetaClass
Event: 26.572 loading class groovy/runtime/metaclass/com/android/build/gradle/BasePlugin$_createAndroidTasks_closure11MetaClass done


Dynamic libraries:
0x00007ff68ba30000 - 0x00007ff68ba67000 	C:\Program Files\Java\jdk1.8.0_60\bin\java.exe
0x00007fff2fc60000 - 0x00007fff2fe21000 	C:\Windows\SYSTEM32\ntdll.dll
0x00007fff2de10000 - 0x00007fff2debd000 	C:\Windows\system32\KERNEL32.DLL
0x00007fff2cfe0000 - 0x00007fff2d1bd000 	C:\Windows\system32\KERNELBASE.dll
0x00007fff2fa70000 - 0x00007fff2fb16000 	C:\Windows\system32\ADVAPI32.dll
0x00007fff2f9d0000 - 0x00007fff2fa6d000 	C:\Windows\system32\msvcrt.dll
0x00007fff2d9a0000 - 0x00007fff2d9fb000 	C:\Windows\system32\sechost.dll
0x00007fff2f890000 - 0x00007fff2f9b6000 	C:\Windows\system32\RPCRT4.dll
0x00007fff2dec0000 - 0x00007fff2e00e000 	C:\Windows\system32\USER32.dll
0x00007fff2e0d0000 - 0x00007fff2e256000 	C:\Windows\system32\GDI32.dll
0x00007fff21a90000 - 0x00007fff21d04000 	C:\Windows\WinSxS\amd64_microsoft.windows.common-controls_6595b64144ccf1df_6.0.10240.16384_none_f41f7b285750ef43\COMCTL32.dll
0x00007fff2f790000 - 0x00007fff2f7c6000 	C:\Windows\system32\IMM32.DLL
0x00007fff2dae0000 - 0x00007fff2dc3c000 	C:\Windows\system32\MSCTF.dll
0x0000000067c70000 - 0x0000000067d42000 	C:\Program Files\Java\jdk1.8.0_60\jre\bin\msvcr100.dll
0x0000000067040000 - 0x00000000678c9000 	C:\Program Files\Java\jdk1.8.0_60\jre\bin\server\jvm.dll
0x00007fff2f9c0000 - 0x00007fff2f9c8000 	C:\Windows\system32\PSAPI.DLL
0x00007fff27d20000 - 0x00007fff27d29000 	C:\Windows\SYSTEM32\WSOCK32.dll
0x00007fff2ace0000 - 0x00007fff2ad03000 	C:\Windows\SYSTEM32\WINMM.dll
0x00007fff2fb20000 - 0x00007fff2fb89000 	C:\Windows\system32\WS2_32.dll
0x00007fff2d690000 - 0x00007fff2d698000 	C:\Windows\system32\NSI.dll
0x00007fff29c70000 - 0x00007fff29c7a000 	C:\Windows\SYSTEM32\VERSION.dll
0x00007fff2ac80000 - 0x00007fff2acac000 	C:\Windows\SYSTEM32\WINMMBASE.dll
0x00007fff2d1c0000 - 0x00007fff2d204000 	C:\Windows\system32\cfgmgr32.dll
0x00007fff2b000000 - 0x00007fff2b027000 	C:\Windows\SYSTEM32\DEVOBJ.dll
0x0000000067c60000 - 0x0000000067c6f000 	C:\Program Files\Java\jdk1.8.0_60\jre\bin\verify.dll
0x0000000067c30000 - 0x0000000067c59000 	C:\Program Files\Java\jdk1.8.0_60\jre\bin\java.dll
0x0000000067c10000 - 0x0000000067c26000 	C:\Program Files\Java\jdk1.8.0_60\jre\bin\zip.dll
0x00007fff2e260000 - 0x00007fff2f782000 	C:\Windows\system32\SHELL32.dll
0x00007fff2c730000 - 0x00007fff2cd58000 	C:\Windows\system32\windows.storage.dll
0x00007fff2d350000 - 0x00007fff2d5cc000 	C:\Windows\system32\combase.dll
0x00007fff2f830000 - 0x00007fff2f881000 	C:\Windows\system32\shlwapi.dll
0x00007fff2c690000 - 0x00007fff2c69f000 	C:\Windows\system32\kernel.appcore.dll
0x00007fff2d270000 - 0x00007fff2d323000 	C:\Windows\system32\shcore.dll
0x00007fff2c6a0000 - 0x00007fff2c6ea000 	C:\Windows\system32\powrprof.dll
0x00007fff2c6f0000 - 0x00007fff2c703000 	C:\Windows\system32\profapi.dll
0x00007fff2bf00000 - 0x00007fff2bf17000 	C:\Windows\SYSTEM32\CRYPTSP.dll
0x00007fff2c5c0000 - 0x00007fff2c5e8000 	C:\Windows\SYSTEM32\bcrypt.dll
0x00007fff2bb50000 - 0x00007fff2bb83000 	C:\Windows\system32\rsaenh.dll
0x00007fff2bcf0000 - 0x00007fff2bd0f000 	C:\Windows\SYSTEM32\USERENV.dll
0x00007fff2c4b0000 - 0x00007fff2c51b000 	C:\Windows\system32\bcryptprimitives.dll
0x00007fff2c070000 - 0x00007fff2c07b000 	C:\Windows\SYSTEM32\CRYPTBASE.dll
0x0000000067bf0000 - 0x0000000067c0a000 	C:\Program Files\Java\jdk1.8.0_60\jre\bin\net.dll
0x00007fff2bea0000 - 0x00007fff2befd000 	C:\Windows\system32\mswsock.dll
0x00007fff2a0d0000 - 0x00007fff2a108000 	C:\Windows\SYSTEM32\IPHLPAPI.DLL
0x00007fff2a0c0000 - 0x00007fff2a0cb000 	C:\Windows\SYSTEM32\WINNSI.DLL
0x00007fff26bf0000 - 0x00007fff26c06000 	C:\Windows\SYSTEM32\dhcpcsvc6.DLL
0x00007fff26960000 - 0x00007fff2697a000 	C:\Windows\SYSTEM32\dhcpcsvc.DLL
0x0000000067bd0000 - 0x0000000067be1000 	C:\Program Files\Java\jdk1.8.0_60\jre\bin\nio.dll
0x00007fff24b70000 - 0x00007fff24b82000 	C:\Users\jun4r\AppData\Local\Temp\native-platform8911837273616781776dir\native-platform.dll

VM Arguments:
jvm_args: -XX:MaxPermSize=256m -XX:+HeapDumpOnOutOfMemoryError -Xmx1024m -Dfile.encoding=GBK -Duser.country=CN -Duser.language=zh -Duser.variant 
java_command: org.gradle.launcher.daemon.bootstrap.GradleDaemon 2.2.1 C:\Users\jun4r\.gradle\daemon 10800000 f2f1825d-d620-4da7-85bc-c66f24e6a97d -XX:MaxPermSize=256m -XX:+HeapDumpOnOutOfMemoryError -Xmx1024m -Dfile.encoding=GBK -Duser.country=CN -Duser.language=zh -Duser.variant
java_class_path (initial): C:\Users\jun4r\.gradle\wrapper\dists\gradle-2.2.1-all\2m8005s69iu8v0oiejfej094b\gradle-2.2.1\lib\gradle-launcher-2.2.1.jar
Launcher Type: SUN_STANDARD

Environment Variables:
JAVA_HOME=C:\Program Files\Java\jdk1.8.0_60
CLASSPATH=D:\src\mobile_htyou\platforms\android\\gradle\wrapper\gradle-wrapper.jar
PATH=C:\ProgramData\Oracle\Java\javapath;C:\Windows\system32;C:\Windows;C:\Windows\System32\Wbem;C:\Windows\System32\WindowsPowerShell\v1.0\;C:\Program Files (x86)\ATI Technologies\ATI.ACE\Core-Static;C:\Program Files (x86)\Git\cmd;C:\Program Files\nodejs\;C:\Users\jun4r\AppData\Roaming\npm;C:\Users\jun4r\AppData\Local\Android\Sdk;C:\Users\jun4r\AppData\Local\Android\Sdk\platform-tools;C:\Users\jun4r\AppData\Local\Android\Sdk\tools;C:\Users\jun4r\AppData\Local\atom\bin;C:\Program Files\Java\jdk1.8.0_60\bin
USERNAME=jun4r
OS=Windows_NT
PROCESSOR_IDENTIFIER=Intel64 Family 6 Model 42 Stepping 7, GenuineIntel



---------------  S Y S T E M  ---------------

OS: Windows 10.0 , 64 bit Build 10240 (10.0.10240.16384)

CPU:total 2 (2 cores per cpu, 2 threads per core) family 6 model 42 stepping 7, cmov, cx8, fxsr, mmx, sse, sse2, sse3, ssse3, sse4.1, sse4.2, popcnt, avx, clmul, ht, tsc, tscinvbit

Memory: 4k page, physical 12565148k(5639628k free), swap 27925500k(4100k free)

vm_info: Java HotSpot(TM) 64-Bit Server VM (25.60-b23) for windows-amd64 JRE (1.8.0_60-b27), built on Aug  4 2015 11:06:27 by "java_re" with MS VC++ 10.0 (VS2010)

time: Fri Dec 04 14:54:32 2015
elapsed time: 26 seconds (0d 0h 0m 26s)

